


ARM Macro Assembler    Page 1 


    1 00000000         ;/******************************************************
                       ***********************
    2 00000000         ; * @file:    startup_LPC17xx.s
    3 00000000         ; * @purpose: CMSIS Cortex-M3 Core Device Startup File 
    4 00000000         ; *           for the NXP LPC17xx Device Series 
    5 00000000         ; * @version: V1.0
    6 00000000         ; * @date:    25. Nov. 2008
    7 00000000         ; *------- <<< Use Configuration Wizard in Context Menu 
                       >>> ------------------
    8 00000000         ; *
    9 00000000         ; * Copyright (C) 2008 ARM Limited. All rights reserved.
                       
   10 00000000         ; * ARM Limited (ARM) is supplying this software for use
                        with Cortex-M3 
   11 00000000         ; * processor based microcontrollers.  This file can be 
                       freely distributed 
   12 00000000         ; * within development tools that are supporting such AR
                       M based processors. 
   13 00000000         ; *
   14 00000000         ; * THIS SOFTWARE IS PROVIDED "AS IS".  NO WARRANTIES, W
                       HETHER EXPRESS, IMPLIED
   15 00000000         ; * OR STATUTORY, INCLUDING, BUT NOT LIMITED TO, IMPLIED
                        WARRANTIES OF
   16 00000000         ; * MERCHANTABILITY AND FITNESS FOR A PARTICULAR PURPOSE
                        APPLY TO THIS SOFTWARE.
   17 00000000         ; * ARM SHALL NOT, IN ANY CIRCUMSTANCES, BE LIABLE FOR S
                       PECIAL, INCIDENTAL, OR
   18 00000000         ; * CONSEQUENTIAL DAMAGES, FOR ANY REASON WHATSOEVER.
   19 00000000         ; *
   20 00000000         ; ******************************************************
                       ***********************/
   21 00000000         
   22 00000000         
   23 00000000         ; <h> Stack Configuration
   24 00000000         ;   <o> Stack Size (in Bytes) <0x0-0xFFFFFFFF:8>
   25 00000000         ; </h>
   26 00000000         
   27 00000000 00001000 
                       Stack_Size
                               EQU              0x00001000
   28 00000000         
   29 00000000                 AREA             STACKS, NOINIT, READWRITE, ALIG
N=3
   30 00000000         Stack_Mem
                               SPACE            Stack_Size
   31 00001000         __initial_sp
   32 00001000         
   33 00001000         
   34 00001000         ; <h> Heap Configuration
   35 00001000         ;   <o>  Heap Size (in Bytes) <0x0-0xFFFFFFFF:8>
   36 00001000         ; </h>
   37 00001000         
   38 00001000 00000000 
                       Heap_Size
                               EQU              0x00000000
   39 00001000         
   40 00001000                 AREA             HEAP, NOINIT, READWRITE, ALIGN=
3
   41 00000000         __heap_base



ARM Macro Assembler    Page 2 


   42 00000000         Heap_Mem
                               SPACE            Heap_Size
   43 00000000         __heap_limit
   44 00000000         
   45 00000000         
   46 00000000                 PRESERVE8
   47 00000000                 THUMB
   48 00000000         
   49 00000000         
   50 00000000         ; Vector Table Mapped to Address 0 at Reset
   51 00000000         
   52 00000000                 AREA             RESET, CODE, READONLY
   53 00000000         
   54 00000000 00000000        DCD              __initial_sp
   55 00000004 00000000        DCD              Reset_Handler
   56 00000008 00000000        DCD              NMI_Handler
   57 0000000C 00000000        DCD              HardFault_Handler
   58 00000010 00000000        DCD              MemManage_Handler
   59 00000014 00000000        DCD              BusFault_Handler
   60 00000018 00000000        DCD              UsageFault_Handler
   61 0000001C 00000000        DCD              0x00
   62 00000020 00000000        DCD              0x00
   63 00000024 00000000        DCD              0x00
   64 00000028 00000000        DCD              0x00
   65 0000002C 00000000        DCD              SVC_Handler
   66 00000030 00000000        DCD              DebugMon_Handler
   67 00000034 00000000        DCD              0x00
   68 00000038 00000000        DCD              PendSV_Handler
   69 0000003C 00000000        DCD              SysTick_Handler
   70 00000040 00000000        DCD              WDT_IRQHandler
   71 00000044 00000000        DCD              TIMER0_IRQHandler
   72 00000048 00000000        DCD              TIMER1_IRQHandler
   73 0000004C 00000000        DCD              TIMER2_IRQHandler
   74 00000050 00000000        DCD              TIMER3_IRQHandler
   75 00000054 00000000        DCD              UART0_IRQHandler
   76 00000058 00000000        DCD              UART1_IRQHandler
   77 0000005C 00000000        DCD              UART2_IRQHandler
   78 00000060 00000000        DCD              UART3_IRQHandler
   79 00000064 00000000        DCD              PWM1_IRQHandler
   80 00000068 00000000        DCD              I2C0_IRQHandler
   81 0000006C 00000000        DCD              I2C1_IRQHandler
   82 00000070 00000000        DCD              I2C2_IRQHandler
   83 00000074 00000000        DCD              SPI_IRQHandler
   84 00000078 00000000        DCD              SSP0_IRQHandler
   85 0000007C 00000000        DCD              SSP1_IRQHandler
   86 00000080 00000000        DCD              PLL0_IRQHandler
   87 00000084 00000000        DCD              RTC_IRQHandler
   88 00000088 00000000        DCD              EINT0_IRQHandler
   89 0000008C 00000000        DCD              EINT1_IRQHandler
   90 00000090 00000000        DCD              EINT2_IRQHandler
   91 00000094 00000000        DCD              EINT3_IRQHandler
   92 00000098 00000000        DCD              ADC_IRQHandler
   93 0000009C 00000000        DCD              BOD_IRQHandler
   94 000000A0 00000000        DCD              USB_IRQHandler
   95 000000A4 00000000        DCD              CAN_IRQHandler
   96 000000A8 00000000        DCD              DMA_IRQHandler
   97 000000AC 00000000        DCD              I2S_IRQHandler
   98 000000B0 00000000        DCD              ENET_IRQHandler
   99 000000B4 00000000        DCD              RIT_IRQHandler



ARM Macro Assembler    Page 3 


  100 000000B8 00000000        DCD              MCPWM_IRQHandler
  101 000000BC 00000000        DCD              QEI_IRQHandler
  102 000000C0 00000000        DCD              PLL1_IRQHandler
  103 000000C4 00000000        DCD              0x00
  104 000000C8 00000000        DCD              0x00
  105 000000CC         
  106 000000CC         
  107 000000CC                 IF               :LNOT::DEF:NO_CRP
  108 000000CC                 AREA             |.ARM.__at_0x02FC|, CODE, READO
NLY
  109 00000000 FFFFFFFF 
                       CRP_Key DCD              0xFFFFFFFF
  110 00000004         ;CRP_Key         DCD     0x12345678
  111 00000004                 ENDIF
  112 00000004         
  113 00000004         ;                AREA    |.text|, CODE, READONLY
  114 00000004         
  115 00000004         ; Reset Handler
  116 00000004         
  117 00000004         Reset_Handler
                               PROC
  118 00000004                 EXPORT           Reset_Handler             [WEAK
]
  119 00000004                 IMPORT           __main
  120 00000004 4808            LDR              R0, =__main
  121 00000006 4700            BX               R0
  122 00000008                 ENDP
  123 00000008         
  124 00000008         
  125 00000008         ; Dummy Exception Handlers (infinite loops which can be 
                       modified)                
  126 00000008         
  127 00000008         NMI_Handler
                               PROC
  128 00000008                 EXPORT           NMI_Handler               [WEAK
]
  129 00000008 E7FE            B                .
  130 0000000A                 ENDP
  132 0000000A         HardFault_Handler
                               PROC
  133 0000000A                 EXPORT           HardFault_Handler         [WEAK
]
  134 0000000A E7FE            B                .
  135 0000000C                 ENDP
  137 0000000C         MemManage_Handler
                               PROC
  138 0000000C                 EXPORT           MemManage_Handler         [WEAK
]
  139 0000000C E7FE            B                .
  140 0000000E                 ENDP
  142 0000000E         BusFault_Handler
                               PROC
  143 0000000E                 EXPORT           BusFault_Handler          [WEAK
]
  144 0000000E E7FE            B                .
  145 00000010                 ENDP
  147 00000010         UsageFault_Handler
                               PROC
  148 00000010                 EXPORT           UsageFault_Handler        [WEAK



ARM Macro Assembler    Page 4 


]
  149 00000010 E7FE            B                .
  150 00000012                 ENDP
  151 00000012         SVC_Handler
                               PROC
  152 00000012                 EXPORT           SVC_Handler               [WEAK
]
  153 00000012 E7FE            B                .
  154 00000014                 ENDP
  156 00000014         DebugMon_Handler
                               PROC
  157 00000014                 EXPORT           DebugMon_Handler          [WEAK
]
  158 00000014 E7FE            B                .
  159 00000016                 ENDP
  160 00000016         PendSV_Handler
                               PROC
  161 00000016                 EXPORT           PendSV_Handler            [WEAK
]
  162 00000016 E7FE            B                .
  163 00000018                 ENDP
  164 00000018         
  165 00000018         Default_Handler
                               PROC
  166 00000018                 IMPORT           SysTick_Handler
  167 00000018                 EXPORT           WDT_IRQHandler            [WEAK
]
  168 00000018                 IMPORT           TIMER0_IRQHandler
  169 00000018                 IMPORT           TIMER1_IRQHandler
  170 00000018                 IMPORT           TIMER2_IRQHandler
  171 00000018                 IMPORT           TIMER3_IRQHandler
  172 00000018                 EXPORT           UART0_IRQHandler          [WEAK
]
  173 00000018                 EXPORT           UART1_IRQHandler          [WEAK
]
  174 00000018                 EXPORT           UART2_IRQHandler          [WEAK
]
  175 00000018                 EXPORT           UART3_IRQHandler          [WEAK
]
  176 00000018                 EXPORT           PWM1_IRQHandler           [WEAK
]
  177 00000018                 EXPORT           I2C0_IRQHandler           [WEAK
]
  178 00000018                 EXPORT           I2C1_IRQHandler           [WEAK
]
  179 00000018                 EXPORT           I2C2_IRQHandler           [WEAK
]
  180 00000018                 EXPORT           SPI_IRQHandler            [WEAK
]
  181 00000018                 EXPORT           SSP0_IRQHandler           [WEAK
]
  182 00000018                 EXPORT           SSP1_IRQHandler           [WEAK
]
  183 00000018                 EXPORT           PLL0_IRQHandler           [WEAK
]
  184 00000018                 EXPORT           RTC_IRQHandler            [WEAK
]
  185 00000018                 EXPORT           EINT0_IRQHandler          [WEAK
]



ARM Macro Assembler    Page 5 


  186 00000018                 IMPORT           EINT1_IRQHandler
  187 00000018                 EXPORT           EINT2_IRQHandler          [WEAK
]
  188 00000018                 IMPORT           EINT3_IRQHandler
  189 00000018                 EXPORT           ADC_IRQHandler            [WEAK
]
  190 00000018                 EXPORT           BOD_IRQHandler            [WEAK
]
  191 00000018                 EXPORT           USB_IRQHandler            [WEAK
]
  192 00000018                 IMPORT           CAN_IRQHandler
  193 00000018                 EXPORT           DMA_IRQHandler            [WEAK
]
  194 00000018                 EXPORT           I2S_IRQHandler            [WEAK
]
  195 00000018                 EXPORT           ENET_IRQHandler           [WEAK
]
  196 00000018                 EXPORT           RIT_IRQHandler            [WEAK
]
  197 00000018                 EXPORT           MCPWM_IRQHandler          [WEAK
]
  198 00000018                 EXPORT           QEI_IRQHandler            [WEAK
]
  199 00000018                 EXPORT           PLL1_IRQHandler           [WEAK
]
  200 00000018         
  201 00000018         WDT_IRQHandler
  202 00000018         UART0_IRQHandler
  203 00000018         UART1_IRQHandler
  204 00000018         UART2_IRQHandler
  205 00000018         UART3_IRQHandler
  206 00000018         PWM1_IRQHandler
  207 00000018         I2C0_IRQHandler
  208 00000018         I2C1_IRQHandler
  209 00000018         I2C2_IRQHandler
  210 00000018         SPI_IRQHandler
  211 00000018         SSP0_IRQHandler
  212 00000018         SSP1_IRQHandler
  213 00000018         PLL0_IRQHandler
  214 00000018         RTC_IRQHandler
  215 00000018         EINT0_IRQHandler
  216 00000018         EINT2_IRQHandler
  217 00000018         ADC_IRQHandler
  218 00000018         BOD_IRQHandler
  219 00000018         USB_IRQHandler
  220 00000018         DMA_IRQHandler
  221 00000018         I2S_IRQHandler
  222 00000018         ENET_IRQHandler
  223 00000018         RIT_IRQHandler
  224 00000018         MCPWM_IRQHandler
  225 00000018         QEI_IRQHandler
  226 00000018         PLL1_IRQHandler
  227 00000018         
  228 00000018 E7FE            B                .
  229 0000001A         
  230 0000001A                 ENDP
  231 0000001A         
  232 0000001A         
  233 0000001A 00 00           ALIGN



ARM Macro Assembler    Page 6 


  234 0000001C         
  235 0000001C         
  236 0000001C         ; User Initial Stack & Heap
  237 0000001C         
  238 0000001C                 IF               :DEF:__MICROLIB
  245 0000001C         
  246 0000001C                 IMPORT           __use_two_region_memory
  247 0000001C                 EXPORT           __user_initial_stackheap
  248 0000001C         __user_initial_stackheap
  249 0000001C         
  250 0000001C 4803            LDR              R0, =  Heap_Mem
  251 0000001E 4904            LDR              R1, =(Stack_Mem + Stack_Size)
  252 00000020 4A02            LDR              R2, = (Heap_Mem +  Heap_Size)
  253 00000022 4B04            LDR              R3, = Stack_Mem
  254 00000024 4770            BX               LR
  255 00000026         
  256 00000026 00 00           ALIGN
  257 00000028         
  258 00000028                 ENDIF
  259 00000028         
  260 00000028         
  261 00000028                 END
              00000000 
              00000000 
              00001000 
              00000000 
Command Line: --debug --xref --diag_suppress=9931 --cpu=Cortex-M3 --apcs=interw
ork --depend=.\output\startup_lpc17xx.d -o.\output\startup_lpc17xx.o -I.\RTE\_T
arget_1 -IC:\Users\Admin\AppData\Local\Arm\Packs\ARM\CMSIS\5.7.0\CMSIS\Core\Inc
lude -IC:\Users\Admin\AppData\Local\Arm\Packs\Keil\LPC1700_DFP\2.7.0\Device\Inc
lude --predefine="__UVISION_VERSION SETA 532" --predefine="_RTE_ SETA 1" --pred
efine="LPC175x_6x SETA 1" --predefine="_RTE_ SETA 1" --list=.\list\startup_lpc1
7xx.lst startup_LPC17xx.s



ARM Macro Assembler    Page 1 Alphabetic symbol ordering
Relocatable symbols

STACKS 00000000

Symbol: STACKS
   Definitions
      At line 29 in file startup_LPC17xx.s
   Uses
      None
Comment: STACKS unused
Stack_Mem 00000000

Symbol: Stack_Mem
   Definitions
      At line 30 in file startup_LPC17xx.s
   Uses
      At line 251 in file startup_LPC17xx.s
      At line 253 in file startup_LPC17xx.s

__initial_sp 00001000

Symbol: __initial_sp
   Definitions
      At line 31 in file startup_LPC17xx.s
   Uses
      At line 54 in file startup_LPC17xx.s
Comment: __initial_sp used once
3 symbols



ARM Macro Assembler    Page 1 Alphabetic symbol ordering
Relocatable symbols

HEAP 00000000

Symbol: HEAP
   Definitions
      At line 40 in file startup_LPC17xx.s
   Uses
      None
Comment: HEAP unused
Heap_Mem 00000000

Symbol: Heap_Mem
   Definitions
      At line 42 in file startup_LPC17xx.s
   Uses
      At line 250 in file startup_LPC17xx.s
      At line 252 in file startup_LPC17xx.s

__heap_base 00000000

Symbol: __heap_base
   Definitions
      At line 41 in file startup_LPC17xx.s
   Uses
      None
Comment: __heap_base unused
__heap_limit 00000000

Symbol: __heap_limit
   Definitions
      At line 43 in file startup_LPC17xx.s
   Uses
      None
Comment: __heap_limit unused
4 symbols



ARM Macro Assembler    Page 1 Alphabetic symbol ordering
Relocatable symbols

RESET 00000000

Symbol: RESET
   Definitions
      At line 52 in file startup_LPC17xx.s
   Uses
      None
Comment: RESET unused
1 symbol



ARM Macro Assembler    Page 1 Alphabetic symbol ordering
Relocatable symbols

.ARM.__at_0x02FC 00000000

Symbol: .ARM.__at_0x02FC
   Definitions
      At line 108 in file startup_LPC17xx.s
   Uses
      None
Comment: .ARM.__at_0x02FC unused
ADC_IRQHandler 00000018

Symbol: ADC_IRQHandler
   Definitions
      At line 217 in file startup_LPC17xx.s
   Uses
      At line 92 in file startup_LPC17xx.s
      At line 189 in file startup_LPC17xx.s

BOD_IRQHandler 00000018

Symbol: BOD_IRQHandler
   Definitions
      At line 218 in file startup_LPC17xx.s
   Uses
      At line 93 in file startup_LPC17xx.s
      At line 190 in file startup_LPC17xx.s

BusFault_Handler 0000000E

Symbol: BusFault_Handler
   Definitions
      At line 142 in file startup_LPC17xx.s
   Uses
      At line 59 in file startup_LPC17xx.s
      At line 143 in file startup_LPC17xx.s

CRP_Key 00000000

Symbol: CRP_Key
   Definitions
      At line 109 in file startup_LPC17xx.s
   Uses
      None
Comment: CRP_Key unused
DMA_IRQHandler 00000018

Symbol: DMA_IRQHandler
   Definitions
      At line 220 in file startup_LPC17xx.s
   Uses
      At line 96 in file startup_LPC17xx.s
      At line 193 in file startup_LPC17xx.s

DebugMon_Handler 00000014

Symbol: DebugMon_Handler
   Definitions
      At line 156 in file startup_LPC17xx.s
   Uses
      At line 66 in file startup_LPC17xx.s



ARM Macro Assembler    Page 2 Alphabetic symbol ordering
Relocatable symbols

      At line 157 in file startup_LPC17xx.s

Default_Handler 00000018

Symbol: Default_Handler
   Definitions
      At line 165 in file startup_LPC17xx.s
   Uses
      None
Comment: Default_Handler unused
EINT0_IRQHandler 00000018

Symbol: EINT0_IRQHandler
   Definitions
      At line 215 in file startup_LPC17xx.s
   Uses
      At line 88 in file startup_LPC17xx.s
      At line 185 in file startup_LPC17xx.s

EINT2_IRQHandler 00000018

Symbol: EINT2_IRQHandler
   Definitions
      At line 216 in file startup_LPC17xx.s
   Uses
      At line 90 in file startup_LPC17xx.s
      At line 187 in file startup_LPC17xx.s

ENET_IRQHandler 00000018

Symbol: ENET_IRQHandler
   Definitions
      At line 222 in file startup_LPC17xx.s
   Uses
      At line 98 in file startup_LPC17xx.s
      At line 195 in file startup_LPC17xx.s

HardFault_Handler 0000000A

Symbol: HardFault_Handler
   Definitions
      At line 132 in file startup_LPC17xx.s
   Uses
      At line 57 in file startup_LPC17xx.s
      At line 133 in file startup_LPC17xx.s

I2C0_IRQHandler 00000018

Symbol: I2C0_IRQHandler
   Definitions
      At line 207 in file startup_LPC17xx.s
   Uses
      At line 80 in file startup_LPC17xx.s
      At line 177 in file startup_LPC17xx.s

I2C1_IRQHandler 00000018

Symbol: I2C1_IRQHandler
   Definitions



ARM Macro Assembler    Page 3 Alphabetic symbol ordering
Relocatable symbols

      At line 208 in file startup_LPC17xx.s
   Uses
      At line 81 in file startup_LPC17xx.s
      At line 178 in file startup_LPC17xx.s

I2C2_IRQHandler 00000018

Symbol: I2C2_IRQHandler
   Definitions
      At line 209 in file startup_LPC17xx.s
   Uses
      At line 82 in file startup_LPC17xx.s
      At line 179 in file startup_LPC17xx.s

I2S_IRQHandler 00000018

Symbol: I2S_IRQHandler
   Definitions
      At line 221 in file startup_LPC17xx.s
   Uses
      At line 97 in file startup_LPC17xx.s
      At line 194 in file startup_LPC17xx.s

MCPWM_IRQHandler 00000018

Symbol: MCPWM_IRQHandler
   Definitions
      At line 224 in file startup_LPC17xx.s
   Uses
      At line 100 in file startup_LPC17xx.s
      At line 197 in file startup_LPC17xx.s

MemManage_Handler 0000000C

Symbol: MemManage_Handler
   Definitions
      At line 137 in file startup_LPC17xx.s
   Uses
      At line 58 in file startup_LPC17xx.s
      At line 138 in file startup_LPC17xx.s

NMI_Handler 00000008

Symbol: NMI_Handler
   Definitions
      At line 127 in file startup_LPC17xx.s
   Uses
      At line 56 in file startup_LPC17xx.s
      At line 128 in file startup_LPC17xx.s

PLL0_IRQHandler 00000018

Symbol: PLL0_IRQHandler
   Definitions
      At line 213 in file startup_LPC17xx.s
   Uses
      At line 86 in file startup_LPC17xx.s
      At line 183 in file startup_LPC17xx.s




ARM Macro Assembler    Page 4 Alphabetic symbol ordering
Relocatable symbols

PLL1_IRQHandler 00000018

Symbol: PLL1_IRQHandler
   Definitions
      At line 226 in file startup_LPC17xx.s
   Uses
      At line 102 in file startup_LPC17xx.s
      At line 199 in file startup_LPC17xx.s

PWM1_IRQHandler 00000018

Symbol: PWM1_IRQHandler
   Definitions
      At line 206 in file startup_LPC17xx.s
   Uses
      At line 79 in file startup_LPC17xx.s
      At line 176 in file startup_LPC17xx.s

PendSV_Handler 00000016

Symbol: PendSV_Handler
   Definitions
      At line 160 in file startup_LPC17xx.s
   Uses
      At line 68 in file startup_LPC17xx.s
      At line 161 in file startup_LPC17xx.s

QEI_IRQHandler 00000018

Symbol: QEI_IRQHandler
   Definitions
      At line 225 in file startup_LPC17xx.s
   Uses
      At line 101 in file startup_LPC17xx.s
      At line 198 in file startup_LPC17xx.s

RIT_IRQHandler 00000018

Symbol: RIT_IRQHandler
   Definitions
      At line 223 in file startup_LPC17xx.s
   Uses
      At line 99 in file startup_LPC17xx.s
      At line 196 in file startup_LPC17xx.s

RTC_IRQHandler 00000018

Symbol: RTC_IRQHandler
   Definitions
      At line 214 in file startup_LPC17xx.s
   Uses
      At line 87 in file startup_LPC17xx.s
      At line 184 in file startup_LPC17xx.s

Reset_Handler 00000004

Symbol: Reset_Handler
   Definitions
      At line 117 in file startup_LPC17xx.s



ARM Macro Assembler    Page 5 Alphabetic symbol ordering
Relocatable symbols

   Uses
      At line 55 in file startup_LPC17xx.s
      At line 118 in file startup_LPC17xx.s

SPI_IRQHandler 00000018

Symbol: SPI_IRQHandler
   Definitions
      At line 210 in file startup_LPC17xx.s
   Uses
      At line 83 in file startup_LPC17xx.s
      At line 180 in file startup_LPC17xx.s

SSP0_IRQHandler 00000018

Symbol: SSP0_IRQHandler
   Definitions
      At line 211 in file startup_LPC17xx.s
   Uses
      At line 84 in file startup_LPC17xx.s
      At line 181 in file startup_LPC17xx.s

SSP1_IRQHandler 00000018

Symbol: SSP1_IRQHandler
   Definitions
      At line 212 in file startup_LPC17xx.s
   Uses
      At line 85 in file startup_LPC17xx.s
      At line 182 in file startup_LPC17xx.s

SVC_Handler 00000012

Symbol: SVC_Handler
   Definitions
      At line 151 in file startup_LPC17xx.s
   Uses
      At line 65 in file startup_LPC17xx.s
      At line 152 in file startup_LPC17xx.s

UART0_IRQHandler 00000018

Symbol: UART0_IRQHandler
   Definitions
      At line 202 in file startup_LPC17xx.s
   Uses
      At line 75 in file startup_LPC17xx.s
      At line 172 in file startup_LPC17xx.s

UART1_IRQHandler 00000018

Symbol: UART1_IRQHandler
   Definitions
      At line 203 in file startup_LPC17xx.s
   Uses
      At line 76 in file startup_LPC17xx.s
      At line 173 in file startup_LPC17xx.s

UART2_IRQHandler 00000018



ARM Macro Assembler    Page 6 Alphabetic symbol ordering
Relocatable symbols


Symbol: UART2_IRQHandler
   Definitions
      At line 204 in file startup_LPC17xx.s
   Uses
      At line 77 in file startup_LPC17xx.s
      At line 174 in file startup_LPC17xx.s

UART3_IRQHandler 00000018

Symbol: UART3_IRQHandler
   Definitions
      At line 205 in file startup_LPC17xx.s
   Uses
      At line 78 in file startup_LPC17xx.s
      At line 175 in file startup_LPC17xx.s

USB_IRQHandler 00000018

Symbol: USB_IRQHandler
   Definitions
      At line 219 in file startup_LPC17xx.s
   Uses
      At line 94 in file startup_LPC17xx.s
      At line 191 in file startup_LPC17xx.s

UsageFault_Handler 00000010

Symbol: UsageFault_Handler
   Definitions
      At line 147 in file startup_LPC17xx.s
   Uses
      At line 60 in file startup_LPC17xx.s
      At line 148 in file startup_LPC17xx.s

WDT_IRQHandler 00000018

Symbol: WDT_IRQHandler
   Definitions
      At line 201 in file startup_LPC17xx.s
   Uses
      At line 70 in file startup_LPC17xx.s
      At line 167 in file startup_LPC17xx.s

__user_initial_stackheap 0000001C

Symbol: __user_initial_stackheap
   Definitions
      At line 248 in file startup_LPC17xx.s
   Uses
      At line 247 in file startup_LPC17xx.s
Comment: __user_initial_stackheap used once
39 symbols



ARM Macro Assembler    Page 1 Alphabetic symbol ordering
Absolute symbols

Heap_Size 00000000

Symbol: Heap_Size
   Definitions
      At line 38 in file startup_LPC17xx.s
   Uses
      At line 42 in file startup_LPC17xx.s
      At line 252 in file startup_LPC17xx.s

Stack_Size 00001000

Symbol: Stack_Size
   Definitions
      At line 27 in file startup_LPC17xx.s
   Uses
      At line 30 in file startup_LPC17xx.s
      At line 251 in file startup_LPC17xx.s

2 symbols



ARM Macro Assembler    Page 1 Alphabetic symbol ordering
External symbols

CAN_IRQHandler 00000000

Symbol: CAN_IRQHandler
   Definitions
      At line 192 in file startup_LPC17xx.s
   Uses
      At line 95 in file startup_LPC17xx.s
Comment: CAN_IRQHandler used once
EINT1_IRQHandler 00000000

Symbol: EINT1_IRQHandler
   Definitions
      At line 186 in file startup_LPC17xx.s
   Uses
      At line 89 in file startup_LPC17xx.s
Comment: EINT1_IRQHandler used once
EINT3_IRQHandler 00000000

Symbol: EINT3_IRQHandler
   Definitions
      At line 188 in file startup_LPC17xx.s
   Uses
      At line 91 in file startup_LPC17xx.s
Comment: EINT3_IRQHandler used once
SysTick_Handler 00000000

Symbol: SysTick_Handler
   Definitions
      At line 166 in file startup_LPC17xx.s
   Uses
      At line 69 in file startup_LPC17xx.s
Comment: SysTick_Handler used once
TIMER0_IRQHandler 00000000

Symbol: TIMER0_IRQHandler
   Definitions
      At line 168 in file startup_LPC17xx.s
   Uses
      At line 71 in file startup_LPC17xx.s
Comment: TIMER0_IRQHandler used once
TIMER1_IRQHandler 00000000

Symbol: TIMER1_IRQHandler
   Definitions
      At line 169 in file startup_LPC17xx.s
   Uses
      At line 72 in file startup_LPC17xx.s
Comment: TIMER1_IRQHandler used once
TIMER2_IRQHandler 00000000

Symbol: TIMER2_IRQHandler
   Definitions
      At line 170 in file startup_LPC17xx.s
   Uses
      At line 73 in file startup_LPC17xx.s
Comment: TIMER2_IRQHandler used once
TIMER3_IRQHandler 00000000

Symbol: TIMER3_IRQHandler



ARM Macro Assembler    Page 2 Alphabetic symbol ordering
External symbols

   Definitions
      At line 171 in file startup_LPC17xx.s
   Uses
      At line 74 in file startup_LPC17xx.s
Comment: TIMER3_IRQHandler used once
__main 00000000

Symbol: __main
   Definitions
      At line 119 in file startup_LPC17xx.s
   Uses
      At line 120 in file startup_LPC17xx.s
Comment: __main used once
__use_two_region_memory 00000000

Symbol: __use_two_region_memory
   Definitions
      At line 246 in file startup_LPC17xx.s
   Uses
      None
Comment: __use_two_region_memory unused
10 symbols
398 symbols in table
